2025-02-02 12:25:56 INFO: Spoke message: 'Hello world' on speaker: 'Bedroom' (jarvisify: no)
2025-02-02 12:26:33 INFO: Spoke message: 'Hello world' on speaker: 'Bedroom' (jarvisify: no)
2025-02-02 12:29:43 INFO: Spoke message: 'And another' on speaker: 'Bedroom' (jarvisify: no)
2025-02-02 12:30:35 INFO: Spoke message: 'And another' on speaker: 'Bedroom' (jarvisify: no)
2025-02-02 12:35:54 INFO: Answered question: 'How long is the drive from Estoril to Coimbra?' with response: 'The drive from Estoril to Coimbra typically takes ...' on speaker: 'Bedroom' (jarvisify: no)
2025-02-02 12:41:13 INFO: Spoke message: 'hello' on 'Bedroom' (jarvisify: no)
2025-02-02 12:41:37 INFO: Spoke message: 'hey there' on 'Bedroom' (jarvisify: no)
2025-02-02 12:42:30 INFO: Spoke message: 'Testing' on 'Bedroom' (jarvisify: no)
2025-02-02 12:42:50 INFO: Spoke message: 'and testing again' on 'Bedroom' (jarvisify: no)
2025-02-02 12:43:10 INFO: Spoke message: 'is this a better volume?' on 'Bedroom' (jarvisify: no)
2025-02-02 12:44:00 INFO: Spoke message: 'Quite splendid, indeed.' on 'Bedroom' (jarvisify: yes)
2025-02-02 12:46:56 INFO: Spoke message: 'Hey Zach - ' on 'Bedroom' (jarvisify: no)
2025-02-02 12:47:03 INFO: Spoke message: 'Hi' on 'Bedroom' (jarvisify: no)
2025-02-02 12:47:12 INFO: Spoke message: 'No - i can't swim' on 'Bedroom' (jarvisify: no)
2025-02-02 12:47:28 INFO: Spoke message: 'My electronics can't get wet you know' on 'Bedroom' (jarvisify: no)
2025-02-02 12:49:01 INFO: Answered question: 'Where is Estoril?' with response: 'Estoril is a coastal town in Portugal, located jus...' on speaker: 'Bedroom' (jarvisify: no)
2025-02-02 12:49:20 INFO: Answered question: 'How far is it from Lisbon?' with response: 'Could you please specify the destination you have ...' on speaker: 'Bedroom' (jarvisify: no)
2025-02-02 12:51:08 INFO: Spoke message: 'Where is Estoril located?' on 'Bedroom' (jarvisify: no)
2025-02-02 12:51:27 INFO: Answered question: 'Where is Estoril located?' with response: 'Estoril is located in Portugal, along the country'...' on speaker: 'Bedroom' (jarvisify: no)
2025-02-02 12:51:51 INFO: Answered question: 'How far is it from Lisbon?' with response: 'Estoril is approximately 30 kilometers (about 18.6...' on speaker: 'Bedroom' (jarvisify: no)
2025-02-02 12:52:11 INFO: Answered question: 'And how far is to Cascais?' with response: 'Estoril is roughly 8 kilometers (about 5 miles) fr...' on speaker: 'Bedroom' (jarvisify: no)
2025-02-02 12:52:42 INFO: Answered question: 'Which are the best private schools near there?' with response: 'Some of the best private schools near Estoril incl...' on speaker: 'Bedroom' (jarvisify: no)
2025-02-02 12:53:09 INFO: Answered question: 'St Julians apparently sucks' with response: 'Opinions on schools can vary greatly, and experien...' on speaker: 'Bedroom' (jarvisify: no)
2025-02-02 12:53:43 INFO: Answered question: 'What do you know about TASIS?' with response: 'TASIS, or The American School in Switzerland, has ...' on speaker: 'Bedroom' (jarvisify: no)
2025-02-02 12:54:22 INFO: Answered question: 'How is the school reviewed and ranked?' with response: 'TASIS Portugal generally receives positive reviews...' on speaker: 'Bedroom' (jarvisify: no)
2025-02-02 12:55:16 INFO: Spoke message: 'Time for a shower' on 'Living Room' (jarvisify: no)
2025-02-02 12:55:32 INFO: Spoke message: 'Zach?' on 'Living Room' (jarvisify: no)
2025-02-02 12:55:46 INFO: Spoke message: 'Zach?' on 'Bedroom' (jarvisify: no)
2025-02-02 13:01:26 INFO: Spoke message: 'are you ready to go then?' on 'Living Room' (jarvisify: no)
